<?xml version="1.0" encoding="UTF-8"?>
<!-- Generated by org.testng.reporters.JUnitXMLReporter -->
<testsuite ignored="0" hostname="Biswojit" failures="0" tests="7" name="MyTest" time="65.225" errors="0" timestamp="2023-02-15T08:12:44 IST">
  <testcase classname="testCases.TC_001_AccountRegistrationtTest" name="test_account_Registration" time="8.163"/>
  <testcase classname="testCases.TC_002_LoginTest" name="test_Login" time="5.964"/>
  <testcase classname="testCases.TC_003_LoginDataDrivenTest" name="test_LoginDDT" time="1.807"/>
  <testcase classname="testCases.TC_003_LoginDataDrivenTest" name="test_LoginDDT" time="10.714"/>
  <testcase classname="testCases.TC_003_LoginDataDrivenTest" name="test_LoginDDT" time="10.893"/>
  <testcase classname="testCases.TC_003_LoginDataDrivenTest" name="test_LoginDDT" time="10.933"/>
  <testcase classname="testCases.TC_003_LoginDataDrivenTest" name="test_LoginDDT" time="2.292"/>
</testsuite> <!-- MyTest -->
